<?xml version="1.0" encoding="UTF-8"?>
<!-- Generated by org.testng.reporters.JUnitReportReporter -->
<testsuite hostname="AnulekhaJoshi" failures="0" tests="1" name="com.MyStore.testcases.VerifyCart" time="53.994" errors="0" timestamp="2023-05-04T22:19:45 IST" skipped="0">
  <testcase classname="com.MyStore.testcases.VerifyCart" name="verifyproductaddedtocart" time="53.994"/>
  <system-out/>
</testsuite> <!-- com.MyStore.testcases.VerifyCart -->
