<?xml version="1.0" encoding="UTF-8"?>
<!-- Generated by org.testng.reporters.JUnitReportReporter -->
<testsuite hostname="AnulekhaJoshi" failures="0" tests="1" name="com.MyStore.testcases.LoginAmazon" time="3.318" errors="0" timestamp="2023-04-20T13:50:58 IST" skipped="0">
  <testcase classname="com.MyStore.testcases.LoginAmazon" name="loginVerify" time="3.318"/>
  <system-out/>
</testsuite> <!-- com.MyStore.testcases.LoginAmazon -->
