<?xml version="1.0" encoding="UTF-8"?>
<!-- Generated by org.testng.reporters.JUnitReportReporter -->
<testsuite hostname="AnulekhaJoshi" failures="0" tests="2" name="com.MyStore.testcases.SearchAmazon" time="70.314" errors="0" timestamp="2023-05-08T15:42:43 IST" skipped="0">
  <testcase classname="com.MyStore.testcases.SearchAmazon" name="verifyAmazonSearchAddedToCartFeature" time="37.560"/>
  <system-out/>
  <testcase classname="com.MyStore.testcases.SearchAmazon" name="verifyAmazonSearchBuyNowFeature" time="32.754"/>
  <system-out/>
</testsuite> <!-- com.MyStore.testcases.SearchAmazon -->
