<?xml version="1.0" encoding="UTF-8"?>
<!-- Generated by org.testng.reporters.JUnitReportReporter -->
<testsuite hostname="AnulekhaJoshi" failures="0" tests="1" name="com.MyStore.testcases.Dummy" time="0.007" errors="0" timestamp="2023-05-03T17:21:21 IST" skipped="0">
  <testcase classname="com.MyStore.testcases.Dummy" name="Anu" time="0.007"/>
  <system-out/>
</testsuite> <!-- com.MyStore.testcases.Dummy -->
